0 info it worked if it ends with ok
1 verbose cli [ '/usr/local/bin/node',
1 verbose cli   '/usr/local/bin/npm',
1 verbose cli   'install',
1 verbose cli   'defiant' ]
2 info using npm@2.15.8
3 info using node@v4.4.7
4 verbose install initial load of /Applications/MAMP/htdocs/taxes3/package.json
5 verbose installManyTop reading scoped package data from /Applications/MAMP/htdocs/taxes3/node_modules/arcgis-to-geojson-utils/package.json
6 verbose installManyTop reading scoped package data from /Applications/MAMP/htdocs/taxes3/node_modules/jekyll/package.json
7 verbose readDependencies loading dependencies from /Applications/MAMP/htdocs/taxes3/package.json
8 silly cache add args [ 'defiant', null ]
9 verbose cache add spec defiant
10 silly cache add parsed spec Result {
10 silly cache add   raw: 'defiant',
10 silly cache add   scope: null,
10 silly cache add   name: 'defiant',
10 silly cache add   rawSpec: '',
10 silly cache add   spec: 'latest',
10 silly cache add   type: 'tag' }
11 silly addNamed defiant@latest
12 verbose addNamed "latest" is being treated as a dist-tag for defiant
13 info addNameTag [ 'defiant', 'latest' ]
14 silly mapToRegistry name defiant
15 silly mapToRegistry using default registry
16 silly mapToRegistry registry https://registry.npmjs.org/
17 silly mapToRegistry data Result {
17 silly mapToRegistry   raw: 'defiant',
17 silly mapToRegistry   scope: null,
17 silly mapToRegistry   name: 'defiant',
17 silly mapToRegistry   rawSpec: '',
17 silly mapToRegistry   spec: 'latest',
17 silly mapToRegistry   type: 'tag' }
18 silly mapToRegistry uri https://registry.npmjs.org/defiant
19 verbose addNameTag registry:https://registry.npmjs.org/defiant not in flight; fetching
20 verbose request uri https://registry.npmjs.org/defiant
21 verbose request no auth needed
22 info attempt registry request try #1 at 12:51:14 PM
23 verbose request id fe73ea206fa80b51
24 http request GET https://registry.npmjs.org/defiant
25 http 404 https://registry.npmjs.org/defiant
26 verbose headers { 'content-type': 'application/json',
26 verbose headers   'cache-control': 'max-age=0',
26 verbose headers   'content-length': '2',
26 verbose headers   'accept-ranges': 'bytes',
26 verbose headers   date: 'Mon, 25 Jul 2016 17:51:14 GMT',
26 verbose headers   via: '1.1 varnish',
26 verbose headers   age: '0',
26 verbose headers   connection: 'keep-alive',
26 verbose headers   'x-served-by': 'cache-ord1724-ORD',
26 verbose headers   'x-cache': 'MISS',
26 verbose headers   'x-cache-hits': '0',
26 verbose headers   'x-timer': 'S1469469074.784445,VS0,VE88',
26 verbose headers   vary: 'Accept-Encoding' }
27 silly get cb [ 404,
27 silly get   { 'content-type': 'application/json',
27 silly get     'cache-control': 'max-age=0',
27 silly get     'content-length': '2',
27 silly get     'accept-ranges': 'bytes',
27 silly get     date: 'Mon, 25 Jul 2016 17:51:14 GMT',
27 silly get     via: '1.1 varnish',
27 silly get     age: '0',
27 silly get     connection: 'keep-alive',
27 silly get     'x-served-by': 'cache-ord1724-ORD',
27 silly get     'x-cache': 'MISS',
27 silly get     'x-cache-hits': '0',
27 silly get     'x-timer': 'S1469469074.784445,VS0,VE88',
27 silly get     vary: 'Accept-Encoding' } ]
28 verbose stack Error: Registry returned 404 for GET on https://registry.npmjs.org/defiant
28 verbose stack     at makeError (/usr/local/lib/node_modules/npm/node_modules/npm-registry-client/lib/request.js:264:12)
28 verbose stack     at CachingRegistryClient.<anonymous> (/usr/local/lib/node_modules/npm/node_modules/npm-registry-client/lib/request.js:242:14)
28 verbose stack     at Request._callback (/usr/local/lib/node_modules/npm/node_modules/npm-registry-client/lib/request.js:172:14)
28 verbose stack     at Request.self.callback (/usr/local/lib/node_modules/npm/node_modules/request/request.js:200:22)
28 verbose stack     at emitTwo (events.js:87:13)
28 verbose stack     at Request.emit (events.js:172:7)
28 verbose stack     at Request.<anonymous> (/usr/local/lib/node_modules/npm/node_modules/request/request.js:1067:10)
28 verbose stack     at emitOne (events.js:82:20)
28 verbose stack     at Request.emit (events.js:169:7)
28 verbose stack     at IncomingMessage.<anonymous> (/usr/local/lib/node_modules/npm/node_modules/request/request.js:988:12)
29 verbose statusCode 404
30 verbose pkgid defiant
31 verbose cwd /Applications/MAMP/htdocs/taxes3
32 error Darwin 15.2.0
33 error argv "/usr/local/bin/node" "/usr/local/bin/npm" "install" "defiant"
34 error node v4.4.7
35 error npm  v2.15.8
36 error code E404
37 error 404 Registry returned 404 for GET on https://registry.npmjs.org/defiant
37 error 404
37 error 404 'defiant' is not in the npm registry.
37 error 404 You should bug the author to publish it (or use the name yourself!)
37 error 404
37 error 404 Note that you can also install from a
37 error 404 tarball, folder, http url, or git url.
38 verbose exit [ 1, true ]
